# Log initialized on 2025-03-08T05:08:07.425Z

[2025-03-08T05:08:07.428Z] Starting file watcher
[2025-03-08T05:09:41.663Z] File changed: C:\Users\AnonymousJ\passwordgenerator\.git\objects\0a\9015e79ef24cc4f83fcd488e1cecf555f7fd3b
[2025-03-08T05:09:41.947Z] File changed: C:\Users\AnonymousJ\passwordgenerator\testdesign.html
[2025-03-08T05:09:43.934Z] File changed: C:\Users\AnonymousJ\passwordgenerator\src\components\qr-code-section.tsx
[2025-03-08T05:11:06.171Z] File changed: C:\Users\AnonymousJ\passwordgenerator\src\lib\mnemonic-generator.ts
[2025-03-08T05:16:50.649Z] File changed: C:\Users\AnonymousJ\passwordgenerator\mobile20.png
[2025-03-08T05:16:50.652Z] File changed: C:\Users\AnonymousJ\passwordgenerator\mobile21.png
[2025-03-08T05:16:50.655Z] File changed: C:\Users\AnonymousJ\passwordgenerator\mobile22.png
[2025-03-08T05:17:36.087Z] File changed: C:\Users\AnonymousJ\passwordgenerator\src\app\globals.css
[2025-03-08T05:17:36.089Z] File changed: C:\Users\AnonymousJ\passwordgenerator\src\app\globals.css
[2025-03-08T05:17:36.090Z] File changed: C:\Users\AnonymousJ\passwordgenerator\src\app\globals.css
[2025-03-08T05:17:37.618Z] File changed: C:\Users\AnonymousJ\passwordgenerator\src\app\globals.css
[2025-03-08T05:17:40.185Z] File changed: C:\Users\AnonymousJ\passwordgenerator\src\lib\constants.ts
[2025-03-08T05:17:40.187Z] File changed: C:\Users\AnonymousJ\passwordgenerator\tailwind.config.ts
[2025-03-08T05:18:27.469Z] File changed: C:\Users\AnonymousJ\passwordgenerator\.git\objects\a0\a4030049902395839f6e81d5209260511d05e1
[2025-03-08T05:18:38.375Z] File changed: C:\Users\AnonymousJ\passwordgenerator\.git\COMMIT_EDITMSG
[2025-03-08T05:18:38.378Z] File changed: C:\Users\AnonymousJ\passwordgenerator\.git\COMMIT_EDITMSG
[2025-03-08T05:18:38.685Z] File changed: C:\Users\AnonymousJ\passwordgenerator\.git\objects\ed\a2d835119cdb34da1267520c3bc9364b41a2eb
[2025-03-08T05:21:34.212Z] File changed: C:\Users\AnonymousJ\passwordgenerator\src\components\pattern-section.tsx
[2025-03-08T05:21:34.214Z] File changed: C:\Users\AnonymousJ\passwordgenerator\src\components\pattern-section.tsx
[2025-03-08T05:21:37.607Z] File changed: C:\Users\AnonymousJ\passwordgenerator\src\components\pattern-section.tsx
[2025-03-08T05:22:04.387Z] File changed: C:\Users\AnonymousJ\passwordgenerator\src\components\mnemonic-section.tsx
[2025-03-08T05:22:04.389Z] File changed: C:\Users\AnonymousJ\passwordgenerator\src\components\mnemonic-section.tsx
[2025-03-08T05:22:07.606Z] File changed: C:\Users\AnonymousJ\passwordgenerator\src\components\mnemonic-section.tsx
