# Password Generator Project - Code Changes Log

[2025-03-08T05:09:41.664Z] File: C:\Users\AnonymousJ\passwordgenerator\.git\objects\0a\9015e79ef24cc4f83fcd488e1cecf555f7fd3b
Description: File was modified
-----------------------------------
[2025-03-08T05:09:41.948Z] File: C:\Users\AnonymousJ\passwordgenerator\testdesign.html
Description: File was modified
-----------------------------------
[2025-03-08T05:09:43.935Z] File: C:\Users\AnonymousJ\passwordgenerator\src\components\qr-code-section.tsx
Description: File was modified
-----------------------------------
[2025-03-08T05:11:06.172Z] File: C:\Users\AnonymousJ\passwordgenerator\src\lib\mnemonic-generator.ts
Description: File was modified
-----------------------------------
[2025-03-08T05:16:50.651Z] File: C:\Users\AnonymousJ\passwordgenerator\mobile20.png
Description: File was modified
-----------------------------------
[2025-03-08T05:16:50.653Z] File: C:\Users\AnonymousJ\passwordgenerator\mobile21.png
Description: File was modified
-----------------------------------
[2025-03-08T05:16:50.656Z] File: C:\Users\AnonymousJ\passwordgenerator\mobile22.png
Description: File was modified
-----------------------------------
[2025-03-08T05:17:36.088Z] File: C:\Users\AnonymousJ\passwordgenerator\src\app\globals.css
Description: File was modified
-----------------------------------
[2025-03-08T05:17:36.089Z] File: C:\Users\AnonymousJ\passwordgenerator\src\app\globals.css
Description: File was modified
-----------------------------------
[2025-03-08T05:17:36.091Z] File: C:\Users\AnonymousJ\passwordgenerator\src\app\globals.css
Description: File was modified
-----------------------------------
[2025-03-08T05:17:37.620Z] File: C:\Users\AnonymousJ\passwordgenerator\src\app\globals.css
Description: File was modified
-----------------------------------
[2025-03-08T05:17:40.186Z] File: C:\Users\AnonymousJ\passwordgenerator\src\lib\constants.ts
Description: File was modified
-----------------------------------
[2025-03-08T05:17:40.188Z] File: C:\Users\AnonymousJ\passwordgenerator\tailwind.config.ts
Description: File was modified
-----------------------------------
[2025-03-08T05:18:27.470Z] File: C:\Users\AnonymousJ\passwordgenerator\.git\objects\a0\a4030049902395839f6e81d5209260511d05e1
Description: File was modified
-----------------------------------
[2025-03-08T05:18:38.377Z] File: C:\Users\AnonymousJ\passwordgenerator\.git\COMMIT_EDITMSG
Description: File was modified
-----------------------------------
[2025-03-08T05:18:38.380Z] File: C:\Users\AnonymousJ\passwordgenerator\.git\COMMIT_EDITMSG
Description: File was modified
-----------------------------------
[2025-03-08T05:18:38.687Z] File: C:\Users\AnonymousJ\passwordgenerator\.git\objects\ed\a2d835119cdb34da1267520c3bc9364b41a2eb
Description: File was modified
-----------------------------------
[2025-03-08T05:21:34.213Z] File: C:\Users\AnonymousJ\passwordgenerator\src\components\pattern-section.tsx
Description: File was modified
-----------------------------------
[2025-03-08T05:21:34.215Z] File: C:\Users\AnonymousJ\passwordgenerator\src\components\pattern-section.tsx
Description: File was modified
-----------------------------------
[2025-03-08T05:21:37.608Z] File: C:\Users\AnonymousJ\passwordgenerator\src\components\pattern-section.tsx
Description: File was modified
-----------------------------------
[2025-03-08T05:22:04.388Z] File: C:\Users\AnonymousJ\passwordgenerator\src\components\mnemonic-section.tsx
Description: File was modified
-----------------------------------
[2025-03-08T05:22:04.390Z] File: C:\Users\AnonymousJ\passwordgenerator\src\components\mnemonic-section.tsx
Description: File was modified
-----------------------------------
[2025-03-08T05:22:07.607Z] File: C:\Users\AnonymousJ\passwordgenerator\src\components\mnemonic-section.tsx
Description: File was modified
-----------------------------------
[2025-03-08T05:23:14.844Z] File: C:\Users\AnonymousJ\passwordgenerator\.git\COMMIT_EDITMSG
Description: File was modified
-----------------------------------
[2025-03-08T05:23:14.847Z] File: C:\Users\AnonymousJ\passwordgenerator\.git\COMMIT_EDITMSG
Description: File was modified
-----------------------------------
[2025-03-08T05:23:15.144Z] File: C:\Users\AnonymousJ\passwordgenerator\.git\objects\77\df7390bfc73a02f12b887e6ec49349812ac9d8
Description: File was modified
-----------------------------------
[2025-03-08T05:32:03.726Z] File: C:\Users\AnonymousJ\passwordgenerator\src\app\globals.css
Description: File was modified
-----------------------------------
[2025-03-08T05:32:03.727Z] File: C:\Users\AnonymousJ\passwordgenerator\src\app\globals.css
Description: File was modified
-----------------------------------
[2025-03-08T05:32:03.729Z] File: C:\Users\AnonymousJ\passwordgenerator\src\app\globals.css
Description: File was modified
-----------------------------------
[2025-03-08T05:32:03.730Z] File: C:\Users\AnonymousJ\passwordgenerator\src\app\globals.css
Description: File was modified
-----------------------------------
[2025-03-08T05:32:14.755Z] File: C:\Users\AnonymousJ\passwordgenerator\.git\objects\ce\238ea3b36f945155f2c80c137bed0020781427
Description: File was modified
-----------------------------------
[2025-03-08T05:33:56.648Z] File: C:\Users\AnonymousJ\passwordgenerator\src\components\ui\slider.tsx
Description: File was modified
-----------------------------------
[2025-03-08T05:34:19.553Z] File: C:\Users\AnonymousJ\passwordgenerator\src\components\ad.tsx
Description: File was modified
-----------------------------------
[2025-03-08T05:34:28.433Z] File: C:\Users\AnonymousJ\passwordgenerator\package-lock.json
Description: File was modified
-----------------------------------
[2025-03-08T05:45:28.421Z] File: C:\Users\AnonymousJ\passwordgenerator\src\app\globals.css
Description: File was modified
-----------------------------------
[2025-03-08T05:45:28.422Z] File: C:\Users\AnonymousJ\passwordgenerator\src\app\globals.css
Description: File was modified
-----------------------------------
[2025-03-08T05:45:33.753Z] File: C:\Users\AnonymousJ\passwordgenerator\public\favicon.svg
Description: File was modified
-----------------------------------
[2025-03-08T05:45:55.466Z] File: C:\Users\AnonymousJ\passwordgenerator\src\app\globals.css
Description: File was modified
-----------------------------------
[2025-03-08T05:46:38.449Z] File: C:\Users\AnonymousJ\passwordgenerator\.git\COMMIT_EDITMSG
Description: File was modified
-----------------------------------
[2025-03-08T05:46:38.452Z] File: C:\Users\AnonymousJ\passwordgenerator\.git\COMMIT_EDITMSG
Description: File was modified
-----------------------------------
[2025-03-08T05:46:38.703Z] File: C:\Users\AnonymousJ\passwordgenerator\.git\objects\6d\b11554967313b1f3ea76ad819d26921f997749
Description: File was modified
-----------------------------------
[2025-03-08T05:46:38.705Z] File: C:\Users\AnonymousJ\passwordgenerator\.git\objects\4d\20911b0ba8df251d65028f592e938b15297f71
Description: File was modified
-----------------------------------
[2025-03-08T05:53:53.939Z] File: C:\Users\AnonymousJ\passwordgenerator\src\app\globals.css
Description: File was modified
-----------------------------------
[2025-03-08T05:53:53.941Z] File: C:\Users\AnonymousJ\passwordgenerator\src\app\globals.css
Description: File was modified
-----------------------------------
[2025-03-08T05:53:53.942Z] File: C:\Users\AnonymousJ\passwordgenerator\src\app\globals.css
Description: File was modified
-----------------------------------
[2025-03-08T05:53:55.429Z] File: C:\Users\AnonymousJ\passwordgenerator\.git\config
Description: File was modified
-----------------------------------
[2025-03-08T05:53:55.430Z] File: C:\Users\AnonymousJ\passwordgenerator\.git\HEAD
Description: File was modified
-----------------------------------
[2025-03-08T05:53:55.651Z] File: C:\Users\AnonymousJ\passwordgenerator\.git\info\exclude
Description: File was modified
-----------------------------------
[2025-03-08T05:54:07.601Z] File: C:\Users\AnonymousJ\passwordgenerator\src\app\globals.css
Description: File was modified
-----------------------------------
[2025-03-08T05:54:13.462Z] File: C:\Users\AnonymousJ\passwordgenerator\.git\COMMIT_EDITMSG
Description: File was modified
-----------------------------------
[2025-03-08T05:54:13.467Z] File: C:\Users\AnonymousJ\passwordgenerator\.git\COMMIT_EDITMSG
Description: File was modified
-----------------------------------
[2025-03-08T05:58:50.304Z] File: C:\Users\AnonymousJ\passwordgenerator\src\components\ui\slider.tsx
Description: File was modified
-----------------------------------
[2025-03-08T05:58:50.307Z] File: C:\Users\AnonymousJ\passwordgenerator\src\components\ui\slider.tsx
Description: File was modified
-----------------------------------
[2025-03-08T05:58:55.397Z] File: C:\Users\AnonymousJ\passwordgenerator\chat_log.md
Description: File was modified
-----------------------------------
[2025-03-08T05:58:55.400Z] File: C:\Users\AnonymousJ\passwordgenerator\src\components\ui\input.tsx
Description: File was modified
-----------------------------------
[2025-03-08T05:58:55.402Z] File: C:\Users\AnonymousJ\passwordgenerator\public\logo.png
Description: File was modified
-----------------------------------
[2025-03-08T05:58:55.403Z] File: C:\Users\AnonymousJ\passwordgenerator\README.md
Description: File was modified
-----------------------------------
