# Password Generator Project - Session Log
# Generated: 2025-03-08T05:07:58.625Z

## System Information

- Node.js Version: v20.10.0
- NPM Version: 10.2.3
- Operating System: win32
- Timestamp: 2025-03-08T05:07:58.625Z

## Recent Git Commits

33c27b1 - islandpirate7, 10 minutes ago : Fix Firefox title text color and tab highlighting consistency
6db1155 - islandpirate7, 25 minutes ago : Fix mobile UI width issues across all sections for consistent experience
4d20911 - islandpirate7, 33 minutes ago : Fix mobile UI issues with aggressive CSS and slider improvements
77df739 - islandpirate7, 46 minutes ago : Fix AdSense implementation and improve error handling
eda2d83 - islandpirate7, 52 minutes ago : Fix mobile UI issues and update AdSense implementation
8f2089a - islandpirate7, 68 minutes ago : Fix remaining mobile UI issues and AdSense errors
a76a798 - islandpirate7, 74 minutes ago : Fix Google AdSense errors: properly size ad containers and fix script loading
5c8165e - islandpirate7, 79 minutes ago : Fix mobile UI issues: menu alignment, slider visibility, switch consistency, and spacing
9f979e9 - islandpirate7, 3 hours ago : Fix mobile UI issues: slider visibility, switch appearance, and pattern section crash
54738ef - islandpirate7, 3 hours ago : Fix mobile layout issues: slider visibility, button text wrapping, and header alignment

## Recent File Changes

```
A	mobile30.png
A	mobile31.png
A	mobile40.png
A	mobile41.png
A	mobile60.png
A	mobile61.png
A	mobile62.png
A	mobile63.png
A	mobile64.png
A	mobile65.png
M	src/app/globals.css
M	src/components/ad.tsx
M	src/components/mnemonic-section.tsx
M	src/components/password-generator.tsx
M	src/components/pattern-section.tsx
M	src/components/qr-code-section.tsx
M	src/components/ui/slider.tsx
M	src/lib/constants.ts
M	src/lib/mnemonic-generator.ts
A	tablet50.png

```

## Project Structure

Error getting project structure: spawnSync C:\Windows\system32\cmd.exe ENOBUFS

## Chat History

This is a record of our conversation about the Password Generator project.
We've been working on fixing mobile UI width issues and Firefox-specific styling problems.

Recent improvements include:
- Fixed title text color in Firefox
- Improved tab highlighting consistency
- Enhanced mobile layout and responsiveness
- Ensured consistent widths across all sections

## Code Changes Summary

### Recent Changes:

1. Modified password-generator.tsx:
   - Centered the logo and title
   - Fixed title text color for cross-browser compatibility

2. Enhanced globals.css:
   - Added Firefox-specific fixes
   - Improved mobile responsiveness
   - Fixed tab highlighting consistency

3. Restructured pattern-section.tsx and mnemonic-section.tsx:
   - Ensured consistent widths across components
   - Improved layout for mobile devices

